> Task :compileJava UP-TO-DATE
> Task :processResources UP-TO-DATE
> Task :classes UP-TO-DATE
> Task :resolveMainClassName UP-TO-DATE

> Task :bootRun

  .   ____          _            __ _ _
 /\\ / ___'_ __ _ _(_)_ __  __ _ \ \ \ \
( ( )\___ | '_ | '_| | '_ \/ _` | \ \ \ \
 \\/  ___)| |_)| | | | | || (_| |  ) ) ) )
  '  |____| .__|_| |_|_| |_\__, | / / / /
 =========|_|==============|___/=/_/_/_/

 :: Spring Boot ::                (v3.5.3)

2025-07-13T22:17:04.406-04:00  INFO 41576 --- [SpringBootDemo] [           main] c.e.S.SpringBootDemoApplication          : Starting SpringBootDemoApplication using Java 21.0.7 with PID 41576 (/Users/idevangsharma/Downloads/SpringBootDemo/build/classes/java/main started by user in /Users/idevangsharma/Downloads/SpringBootDemo)
2025-07-13T22:17:04.409-04:00 DEBUG 41576 --- [SpringBootDemo] [           main] c.e.S.SpringBootDemoApplication          : Running with Spring Boot v3.5.3, Spring v6.2.8
2025-07-13T22:17:04.409-04:00  INFO 41576 --- [SpringBootDemo] [           main] c.e.S.SpringBootDemoApplication          : No active profile set, falling back to 1 default profile: "default"
2025-07-13T22:17:05.360-04:00  INFO 41576 --- [SpringBootDemo] [           main] .s.d.r.c.RepositoryConfigurationDelegate : Bootstrapping Spring Data JPA repositories in DEFAULT mode.
2025-07-13T22:17:05.420-04:00  INFO 41576 --- [SpringBootDemo] [           main] .s.d.r.c.RepositoryConfigurationDelegate : Finished Spring Data repository scanning in 45 ms. Found 1 JPA repository interface.
2025-07-13T22:17:05.901-04:00  INFO 41576 --- [SpringBootDemo] [           main] o.s.b.w.embedded.tomcat.TomcatWebServer  : Tomcat initialized with port 8080 (http)
2025-07-13T22:17:05.917-04:00  INFO 41576 --- [SpringBootDemo] [           main] o.apache.catalina.core.StandardService   : Starting service [Tomcat]
2025-07-13T22:17:05.917-04:00  INFO 41576 --- [SpringBootDemo] [           main] o.apache.catalina.core.StandardEngine    : Starting Servlet engine: [Apache Tomcat/10.1.42]
2025-07-13T22:17:05.963-04:00  INFO 41576 --- [SpringBootDemo] [           main] o.a.c.c.C.[Tomcat].[localhost].[/]       : Initializing Spring embedded WebApplicationContext
2025-07-13T22:17:05.964-04:00  INFO 41576 --- [SpringBootDemo] [           main] w.s.c.ServletWebServerApplicationContext : Root WebApplicationContext: initialization completed in 1515 ms
2025-07-13T22:17:06.104-04:00 DEBUG 41576 --- [SpringBootDemo] [           main] o.s.w.f.ServerHttpObservationFilter      : Filter 'webMvcObservationFilter' configured for use
2025-07-13T22:17:06.170-04:00  INFO 41576 --- [SpringBootDemo] [           main] com.zaxxer.hikari.HikariDataSource       : HikariPool-1 - Starting...
2025-07-13T22:17:06.427-04:00  INFO 41576 --- [SpringBootDemo] [           main] com.zaxxer.hikari.pool.HikariPool        : HikariPool-1 - Added connection conn0: url=jdbc:h2:mem:077f1bfc-d0ce-4a7d-8a9e-6da7c510a30e user=SA
2025-07-13T22:17:06.430-04:00  INFO 41576 --- [SpringBootDemo] [           main] com.zaxxer.hikari.HikariDataSource       : HikariPool-1 - Start completed.
2025-07-13T22:17:06.550-04:00  INFO 41576 --- [SpringBootDemo] [           main] o.hibernate.jpa.internal.util.LogHelper  : HHH000204: Processing PersistenceUnitInfo [name: default]
2025-07-13T22:17:06.622-04:00  INFO 41576 --- [SpringBootDemo] [           main] org.hibernate.Version                    : HHH000412: Hibernate ORM core version 6.6.18.Final
2025-07-13T22:17:06.675-04:00  INFO 41576 --- [SpringBootDemo] [           main] o.h.c.internal.RegionFactoryInitiator    : HHH000026: Second-level cache disabled
2025-07-13T22:17:07.030-04:00  INFO 41576 --- [SpringBootDemo] [           main] o.s.o.j.p.SpringPersistenceUnitInfo      : No LoadTimeWeaver setup: ignoring JPA class transformer
2025-07-13T22:17:07.123-04:00  INFO 41576 --- [SpringBootDemo] [           main] org.hibernate.orm.connections.pooling    : HHH10001005: Database info:
	Database JDBC URL [Connecting through datasource 'HikariDataSource (HikariPool-1)']
	Database driver: undefined/unknown
	Database version: 2.3.232
	Autocommit mode: undefined/unknown
	Isolation level: undefined/unknown
	Minimum pool size: undefined/unknown
	Maximum pool size: undefined/unknown
2025-07-13T22:17:08.054-04:00  INFO 41576 --- [SpringBootDemo] [           main] o.h.e.t.j.p.i.JtaPlatformInitiator       : HHH000489: No JTA platform available (set 'hibernate.transaction.jta.platform' to enable JTA platform integration)
Hibernate: drop table if exists users cascade 
Hibernate: create table users (created_at timestamp(6), id bigint generated by default as identity, updated_at timestamp(6), phone varchar(15), first_name varchar(50) not null, last_name varchar(50) not null, email varchar(255) not null unique, primary key (id))
2025-07-13T22:17:08.089-04:00  INFO 41576 --- [SpringBootDemo] [           main] j.LocalContainerEntityManagerFactoryBean : Initialized JPA EntityManagerFactory for persistence unit 'default'
2025-07-13T22:17:08.446-04:00  INFO 41576 --- [SpringBootDemo] [           main] o.s.d.j.r.query.QueryEnhancerFactory     : Hibernate is in classpath; If applicable, HQL parser will be used.
2025-07-13T22:17:09.483-04:00 DEBUG 41576 --- [SpringBootDemo] [           main] s.w.s.m.m.a.RequestMappingHandlerMapping : 12 mappings in 'requestMappingHandlerMapping'
2025-07-13T22:17:09.552-04:00 DEBUG 41576 --- [SpringBootDemo] [           main] o.s.w.s.handler.SimpleUrlHandlerMapping  : Patterns [/webjars/**, /**] in 'resourceHandlerMapping'
2025-07-13T22:17:09.581-04:00 DEBUG 41576 --- [SpringBootDemo] [           main] s.w.s.m.m.a.RequestMappingHandlerAdapter : ControllerAdvice beans: 0 @ModelAttribute, 0 @InitBinder, 1 RequestBodyAdvice, 1 ResponseBodyAdvice
2025-07-13T22:17:09.631-04:00 DEBUG 41576 --- [SpringBootDemo] [           main] .m.m.a.ExceptionHandlerExceptionResolver : ControllerAdvice beans: 0 @ExceptionHandler, 1 ResponseBodyAdvice
2025-07-13T22:17:09.998-04:00  INFO 41576 --- [SpringBootDemo] [           main] o.s.b.a.h2.H2ConsoleAutoConfiguration    : H2 console available at '/h2-console'. Database available at 'jdbc:h2:mem:077f1bfc-d0ce-4a7d-8a9e-6da7c510a30e'
2025-07-13T22:17:10.012-04:00  INFO 41576 --- [SpringBootDemo] [           main] o.s.b.a.e.web.EndpointLinksResolver      : Exposing 15 endpoints beneath base path '/actuator'
2025-07-13T22:17:10.096-04:00  INFO 41576 --- [SpringBootDemo] [           main] o.s.b.w.embedded.tomcat.TomcatWebServer  : Tomcat started on port 8080 (http) with context path '/'
2025-07-13T22:17:10.108-04:00  INFO 41576 --- [SpringBootDemo] [           main] c.e.S.SpringBootDemoApplication          : Started SpringBootDemoApplication in 6.135 seconds (process running for 6.442)
2025-07-13T22:17:11.600-04:00  INFO 41576 --- [SpringBootDemo] [nio-8080-exec-1] o.a.c.c.C.[Tomcat].[localhost].[/]       : Initializing Spring DispatcherServlet 'dispatcherServlet'
2025-07-13T22:17:11.600-04:00  INFO 41576 --- [SpringBootDemo] [nio-8080-exec-1] o.s.web.servlet.DispatcherServlet        : Initializing Servlet 'dispatcherServlet'
2025-07-13T22:17:11.600-04:00 DEBUG 41576 --- [SpringBootDemo] [nio-8080-exec-1] o.s.web.servlet.DispatcherServlet        : Detected StandardServletMultipartResolver
2025-07-13T22:17:11.600-04:00 DEBUG 41576 --- [SpringBootDemo] [nio-8080-exec-1] o.s.web.servlet.DispatcherServlet        : Detected AcceptHeaderLocaleResolver
2025-07-13T22:17:11.600-04:00 DEBUG 41576 --- [SpringBootDemo] [nio-8080-exec-1] o.s.web.servlet.DispatcherServlet        : Detected FixedThemeResolver
2025-07-13T22:17:11.601-04:00 DEBUG 41576 --- [SpringBootDemo] [nio-8080-exec-1] o.s.web.servlet.DispatcherServlet        : Detected org.springframework.web.servlet.view.DefaultRequestToViewNameTranslator@74cf108b
2025-07-13T22:17:11.602-04:00 DEBUG 41576 --- [SpringBootDemo] [nio-8080-exec-1] o.s.web.servlet.DispatcherServlet        : Detected org.springframework.web.servlet.support.SessionFlashMapManager@749330a8
2025-07-13T22:17:11.602-04:00 DEBUG 41576 --- [SpringBootDemo] [nio-8080-exec-1] o.s.web.servlet.DispatcherServlet        : enableLoggingRequestDetails='false': request parameters and headers will be masked to prevent unsafe logging of potentially sensitive data
2025-07-13T22:17:11.602-04:00  INFO 41576 --- [SpringBootDemo] [nio-8080-exec-1] o.s.web.servlet.DispatcherServlet        : Completed initialization in 2 ms
2025-07-13T22:17:11.622-04:00 DEBUG 41576 --- [SpringBootDemo] [nio-8080-exec-1] o.s.web.servlet.DispatcherServlet        : POST "/api/users", parameters={}
2025-07-13T22:17:11.629-04:00 DEBUG 41576 --- [SpringBootDemo] [nio-8080-exec-1] s.w.s.m.m.a.RequestMappingHandlerMapping : Mapped to com.example.SpringBootDemo.controller.UserController#createUser(User)
2025-07-13T22:17:11.690-04:00 DEBUG 41576 --- [SpringBootDemo] [nio-8080-exec-1] m.m.a.RequestResponseBodyMethodProcessor : Read "application/json;charset=UTF-8" to [User{id=null, firstName='John', lastName='Doe', email='john.doe@example.com', phone='1234567890', cr (truncated)...]
Hibernate: select u1_0.id from users u1_0 where u1_0.email=? fetch first ? rows only
Hibernate: insert into users (created_at,email,first_name,last_name,phone,updated_at,id) values (?,?,?,?,?,?,default)
2025-07-13T22:17:11.884-04:00 DEBUG 41576 --- [SpringBootDemo] [nio-8080-exec-1] o.s.w.s.m.m.a.HttpEntityMethodProcessor  : Using 'application/json', given [*/*] and supported [application/json, application/*+json]
2025-07-13T22:17:11.885-04:00 DEBUG 41576 --- [SpringBootDemo] [nio-8080-exec-1] o.s.w.s.m.m.a.HttpEntityMethodProcessor  : Writing [User{id=1, firstName='John', lastName='Doe', email='john.doe@example.com', phone='1234567890', creat (truncated)...]
2025-07-13T22:17:11.895-04:00 DEBUG 41576 --- [SpringBootDemo] [nio-8080-exec-1] o.s.web.servlet.DispatcherServlet        : Completed 201 CREATED
2025-07-13T22:17:11.915-04:00 DEBUG 41576 --- [SpringBootDemo] [nio-8080-exec-2] o.s.web.servlet.DispatcherServlet        : GET "/api/users", parameters={}
2025-07-13T22:17:11.916-04:00 DEBUG 41576 --- [SpringBootDemo] [nio-8080-exec-2] s.w.s.m.m.a.RequestMappingHandlerMapping : Mapped to com.example.SpringBootDemo.controller.UserController#getAllUsers()
Hibernate: select u1_0.id,u1_0.created_at,u1_0.email,u1_0.first_name,u1_0.last_name,u1_0.phone,u1_0.updated_at from users u1_0
2025-07-13T22:17:11.933-04:00 DEBUG 41576 --- [SpringBootDemo] [nio-8080-exec-2] o.s.w.s.m.m.a.HttpEntityMethodProcessor  : Using 'application/json', given [*/*] and supported [application/json, application/*+json]
2025-07-13T22:17:11.933-04:00 DEBUG 41576 --- [SpringBootDemo] [nio-8080-exec-2] o.s.w.s.m.m.a.HttpEntityMethodProcessor  : Writing [[User{id=1, firstName='John', lastName='Doe', email='john.doe@example.com', phone='1234567890', crea (truncated)...]
2025-07-13T22:17:11.935-04:00 DEBUG 41576 --- [SpringBootDemo] [nio-8080-exec-2] o.s.web.servlet.DispatcherServlet        : Completed 200 OK
2025-07-13T22:17:11.952-04:00 DEBUG 41576 --- [SpringBootDemo] [nio-8080-exec-4] o.s.web.servlet.DispatcherServlet        : GET "/api/users/stats", parameters={}
2025-07-13T22:17:11.953-04:00 DEBUG 41576 --- [SpringBootDemo] [nio-8080-exec-4] s.w.s.m.m.a.RequestMappingHandlerMapping : Mapped to com.example.SpringBootDemo.controller.UserController#getUserStats()
Hibernate: select count(*) from users u1_0
2025-07-13T22:17:11.971-04:00 DEBUG 41576 --- [SpringBootDemo] [nio-8080-exec-4] o.s.w.s.m.m.a.HttpEntityMethodProcessor  : Using 'application/json', given [*/*] and supported [application/json, application/*+json]
2025-07-13T22:17:11.972-04:00 DEBUG 41576 --- [SpringBootDemo] [nio-8080-exec-4] o.s.w.s.m.m.a.HttpEntityMethodProcessor  : Writing [com.example.SpringBootDemo.controller.UserController$UserStats@fe1cdc0]
2025-07-13T22:17:11.972-04:00 DEBUG 41576 --- [SpringBootDemo] [nio-8080-exec-4] o.s.web.servlet.DispatcherServlet        : Completed 200 OK
2025-07-13T22:17:11.988-04:00 DEBUG 41576 --- [SpringBootDemo] [nio-8080-exec-6] o.s.web.servlet.DispatcherServlet        : GET "/api/users/search?name=John", parameters={masked}
2025-07-13T22:17:11.988-04:00 DEBUG 41576 --- [SpringBootDemo] [nio-8080-exec-6] s.w.s.m.m.a.RequestMappingHandlerMapping : Mapped to com.example.SpringBootDemo.controller.UserController#searchUsers(String)
Hibernate: select u1_0.id,u1_0.created_at,u1_0.email,u1_0.first_name,u1_0.last_name,u1_0.phone,u1_0.updated_at from users u1_0 where (u1_0.first_name||' '||u1_0.last_name) like ? escape ''
2025-07-13T22:17:12.003-04:00 DEBUG 41576 --- [SpringBootDemo] [nio-8080-exec-6] o.s.w.s.m.m.a.HttpEntityMethodProcessor  : Using 'application/json', given [*/*] and supported [application/json, application/*+json]
2025-07-13T22:17:12.004-04:00 DEBUG 41576 --- [SpringBootDemo] [nio-8080-exec-6] o.s.w.s.m.m.a.HttpEntityMethodProcessor  : Writing [[User{id=1, firstName='John', lastName='Doe', email='john.doe@example.com', phone='1234567890', crea (truncated)...]
2025-07-13T22:17:12.004-04:00 DEBUG 41576 --- [SpringBootDemo] [nio-8080-exec-6] o.s.web.servlet.DispatcherServlet        : Completed 200 OK
